currenct date-------------------2020-07-01 11:29:12.160439
attnadance_record----skjdfnkasjd---------2020-07-01 05:59:12.216673
frappe time-----------------2020-07-01 11:29:12.216689
currenct date-------------------2020-07-01 11:30:12.261374
attnadance_record----skjdfnkasjd---------2020-07-01 06:00:12.307989
frappe time-----------------2020-07-01 11:30:12.308003
currenct date-------------------2020-07-01 11:31:12.351135
attnadance_record----skjdfnkasjd---------2020-07-01 06:01:12.410087
frappe time-----------------2020-07-01 11:31:12.410104
unified_attendance------------------{}
currenct date-------------------2020-07-01 11:32:13.117385
attnadance_record----skjdfnkasjd---------2020-07-01 06:02:13.161146
frappe time-----------------2020-07-01 11:32:13.161161
unified_attendance------------------{}
currenct date-------------------2020-07-01 11:33:12.598201
attnadance_record----skjdfnkasjd---------2020-07-01 06:03:12.641102
frappe time-----------------2020-07-01 11:33:12.641128
unified_attendance------------------{}
currenct date-------------------2020-07-01 11:34:12.693741
attnadance_record----skjdfnkasjd---------2020-07-01 06:04:12.750466
frappe time-----------------2020-07-01 11:34:12.750488
attendence----------------[]
unified_attendance------------------{}
currenct date-------------------2020-07-01 11:35:12.820385
attnadance_record----skjdfnkasjd---------2020-07-01 06:05:12.874386
frappe time-----------------2020-07-01 11:35:12.874399
attendence----------------[]
unified_attendance------------------{}
currenct date-------------------2020-07-01 11:36:13.649493
attnadance_record----skjdfnkasjd---------2020-07-01 06:06:13.701226
frappe time-----------------2020-07-01 11:36:13.701242
attendence----------------[]
unified_attendance------------------{}
currenct date-------------------2020-07-01 11:37:13.027255
attnadance_record----skjdfnkasjd---------2020-07-01 06:07:13.072166
frappe time-----------------2020-07-01 11:37:13.072180
attendence----------------[]
unified_attendance------------------{}
currenct date-------------------2020-07-01 11:38:13.155764
attnadance_record----skjdfnkasjd---------2020-07-01 06:08:13.208535
frappe time-----------------2020-07-01 11:38:13.208552
attendence----------------[]
unified_attendance------------------{}
currenct date-------------------2020-07-01 11:39:13.214771
attnadance_record----skjdfnkasjd---------2020-07-01 06:09:13.259410
frappe time-----------------2020-07-01 11:39:13.259425
attendence----------------[]
unified_attendance------------------{}
currenct date-------------------2020-07-01 11:40:13.950379
attnadance_record----skjdfnkasjd---------2020-07-01 06:10:13.993905
frappe time-----------------2020-07-01 11:40:13.993919
attendence----------------[]
unified_attendance------------------{}
currenct date-------------------2020-07-01 11:41:13.454152
attnadance_record----skjdfnkasjd---------2020-07-01 06:11:13.498572
frappe time-----------------2020-07-01 11:41:13.498586
attendence----------------[]
unified_attendance------------------{}
currenct date-------------------2020-07-01 11:42:13.546687
attnadance_record----skjdfnkasjd---------2020-07-01 06:12:13.590991
frappe time-----------------2020-07-01 11:42:13.591005
attendence----------------[]
unified_attendance------------------{}
currenct date-------------------2020-07-01 11:43:13.652737
attnadance_record----skjdfnkasjd---------2020-07-01 06:13:13.699838
frappe time-----------------2020-07-01 11:43:13.699855
attendence----------------[]
unified_attendance------------------{}
currenct date-------------------2020-07-01 11:44:14.360667
attnadance_record----skjdfnkasjd---------2020-07-01 06:14:14.405115
frappe time-----------------2020-07-01 11:44:14.405130
attendence----------------[]
unified_attendance------------------{}
currenct date-------------------2020-07-01 11:45:13.887074
attnadance_record----skjdfnkasjd---------2020-07-01 06:15:13.931481
frappe time-----------------2020-07-01 11:45:13.931495
attendence----------------[]
unified_attendance------------------{}
currenct date-------------------2020-07-01 11:46:13.998331
attnadance_record----skjdfnkasjd---------2020-07-01 06:16:14.042217
frappe time-----------------2020-07-01 11:46:14.042235
attendence----------------[]
unified_attendance------------------{}
currenct date-------------------2020-07-01 11:47:14.091902
attnadance_record----skjdfnkasjd---------2020-07-01 06:17:14.139094
frappe time-----------------2020-07-01 11:47:14.139111
attendence----------------[]
unified_attendance------------------{}
currenct date-------------------2020-07-01 11:48:14.802260
attnadance_record----skjdfnkasjd---------2020-07-01 06:18:14.846202
frappe time-----------------2020-07-01 11:48:14.846217
attendence----------------[]
unified_attendance------------------{}
currenct date-------------------2020-07-01 11:49:14.310334
attnadance_record----skjdfnkasjd---------2020-07-01 06:19:14.354812
frappe time-----------------2020-07-01 11:49:14.354827
attendence----------------[]
unified_attendance------------------{}
currenct date-------------------2020-07-01 11:50:14.408364
attnadance_record----skjdfnkasjd---------2020-07-01 06:20:14.452620
frappe time-----------------2020-07-01 11:50:14.452635
attendence----------------[]
unified_attendance------------------{}
currenct date-------------------2020-07-01 11:51:14.501199
attnadance_record----skjdfnkasjd---------2020-07-01 06:21:14.550823
frappe time-----------------2020-07-01 11:51:14.550837
attendence----------------[]
unified_attendance------------------{}
currenct date-------------------2020-07-01 11:52:15.274897
attnadance_record----skjdfnkasjd---------2020-07-01 06:22:15.324120
frappe time-----------------2020-07-01 11:52:15.324135
attendence----------------[]
unified_attendance------------------{}
currenct date-------------------2020-07-01 11:53:14.713709
attnadance_record----skjdfnkasjd---------2020-07-01 06:23:14.756684
frappe time-----------------2020-07-01 11:53:14.756709
attendence----------------[]
unified_attendance------------------{}
currenct date-------------------2020-07-01 11:54:14.818118
attnadance_record----skjdfnkasjd---------2020-07-01 06:24:14.863978
frappe time-----------------2020-07-01 11:54:14.863992
attendence----------------[]
unified_attendance------------------{}
currenct date-------------------2020-07-01 11:55:14.907915
attnadance_record----skjdfnkasjd---------2020-07-01 06:25:14.950664
frappe time-----------------2020-07-01 11:55:14.950678
attendence----------------[]
unified_attendance------------------{}
currenct date-------------------2020-07-01 11:56:15.646757
attnadance_record----skjdfnkasjd---------2020-07-01 06:26:15.691908
frappe time-----------------2020-07-01 11:56:15.691922
attendence----------------[]
unified_attendance------------------{}
currenct date-------------------2020-07-01 11:57:15.169125
attnadance_record-------------2020-07-01 11:57:15.300251
currenct_date---------------2020-07-01 11:57:15.300251
waiting time --------------2020-07-01 11:05:00
its comming here -------------attnadance_record----skjdfnkasjd---------2020-07-01 06:27:15.281524
frappe time-----------------2020-07-01 11:57:15.281539
attendence----------------[{'parent': None, 'modified': datetime.datetime(2020, 7, 1, 11, 56, 35, 532714), 'name': 'BA0000000014', 'user_name': None, 'creation': datetime.datetime(2020, 7, 1, 11, 56, 33, 580976), 'source': None, 'date': datetime.date(2020, 7, 1), 'parenttype': None, 'punch_status': None, 'owner': 'Administrator', 'timestamp': datetime.datetime(2020, 7, 1, 10, 0), 'docstatus': 1, 'modified_by': 'Administrator', 'naming_series': 'BA.##########', '_liked_by': None, '_user_tags': None, 'employee_id': 'HR-EMP-00003', 'idx': 0, 'amended_from': None, '_comments': None, 'parentfield': None, 'is_permitted_location': None, 'status': 1, 'uid': 0, 'punch': 0, '_assign': None, 'user_id': None}, {'parent': None, 'modified': datetime.datetime(2020, 7, 1, 11, 56, 52, 225418), 'name': 'BA0000000015', 'user_name': None, 'creation': datetime.datetime(2020, 7, 1, 11, 56, 50, 561132), 'source': None, 'date': datetime.date(2020, 7, 1), 'parenttype': None, 'punch_status': None, 'owner': 'Administrator', 'timestamp': datetime.datetime(2020, 7, 1, 11, 0), 'docstatus': 1, 'modified_by': 'Administrator', 'naming_series': 'BA.##########', '_liked_by': None, '_user_tags': None, 'employee_id': 'HR-EMP-00003', 'idx': 0, 'amended_from': None, '_comments': None, 'parentfield': None, 'is_permitted_location': None, 'status': 1, 'uid': 0, 'punch': 1, '_assign': None, 'user_id': None}]
unified_attendance------------------{'HR-EMP-00003': [{'employee_id': 'HR-EMP-00003', 'timestamp': datetime.datetime(2020, 7, 1, 10, 0), 'punch': 0, 'user_name': None, 'is_permitted_location': '', 'user_id': None}, {'employee_id': 'HR-EMP-00003', 'timestamp': datetime.datetime(2020, 7, 1, 11, 0), 'punch': 1, 'user_name': None, 'is_permitted_location': '', 'user_id': None}]}
currenct date-------------------2020-07-01 11:58:15.302533
attnadance_record-------------2020-07-01 11:58:15.407778
currenct_date---------------2020-07-01 11:58:15.407778
waiting time --------------2020-07-01 11:05:00
its comming here -------------attnadance_record----skjdfnkasjd---------2020-07-01 06:28:15.387866
frappe time-----------------2020-07-01 11:58:15.387883
attendence----------------[{'parent': None, 'modified': datetime.datetime(2020, 7, 1, 11, 56, 35, 532714), 'name': 'BA0000000014', 'user_name': None, 'creation': datetime.datetime(2020, 7, 1, 11, 56, 33, 580976), 'source': None, 'date': datetime.date(2020, 7, 1), 'parenttype': None, 'punch_status': None, 'owner': 'Administrator', 'timestamp': datetime.datetime(2020, 7, 1, 10, 0), 'docstatus': 1, 'modified_by': 'Administrator', 'naming_series': 'BA.##########', '_liked_by': None, '_user_tags': None, 'employee_id': 'HR-EMP-00003', 'idx': 0, 'amended_from': None, '_comments': None, 'parentfield': None, 'is_permitted_location': None, 'status': 1, 'uid': 0, 'punch': 0, '_assign': None, 'user_id': None}, {'parent': None, 'modified': datetime.datetime(2020, 7, 1, 11, 56, 52, 225418), 'name': 'BA0000000015', 'user_name': None, 'creation': datetime.datetime(2020, 7, 1, 11, 56, 50, 561132), 'source': None, 'date': datetime.date(2020, 7, 1), 'parenttype': None, 'punch_status': None, 'owner': 'Administrator', 'timestamp': datetime.datetime(2020, 7, 1, 11, 0), 'docstatus': 1, 'modified_by': 'Administrator', 'naming_series': 'BA.##########', '_liked_by': None, '_user_tags': None, 'employee_id': 'HR-EMP-00003', 'idx': 0, 'amended_from': None, '_comments': None, 'parentfield': None, 'is_permitted_location': None, 'status': 1, 'uid': 0, 'punch': 1, '_assign': None, 'user_id': None}]
unified_attendance------------------{'HR-EMP-00003': [{'employee_id': 'HR-EMP-00003', 'timestamp': datetime.datetime(2020, 7, 1, 10, 0), 'punch': 0, 'user_name': None, 'is_permitted_location': '', 'user_id': None}, {'employee_id': 'HR-EMP-00003', 'timestamp': datetime.datetime(2020, 7, 1, 11, 0), 'punch': 1, 'user_name': None, 'is_permitted_location': '', 'user_id': None}]}
currenct date-------------------2020-07-01 11:59:15.343325
attnadance_record-------------2020-07-01 11:59:15.444547
currenct_date---------------2020-07-01 11:59:15.444547
waiting time --------------2020-07-01 11:05:00
its comming here -------------attnadance_record----skjdfnkasjd---------2020-07-01 06:29:15.425108
frappe time-----------------2020-07-01 11:59:15.425123
attendence----------------[{'parent': None, 'modified': datetime.datetime(2020, 7, 1, 11, 56, 35, 532714), 'name': 'BA0000000014', 'user_name': None, 'creation': datetime.datetime(2020, 7, 1, 11, 56, 33, 580976), 'source': None, 'date': datetime.date(2020, 7, 1), 'parenttype': None, 'punch_status': None, 'owner': 'Administrator', 'timestamp': datetime.datetime(2020, 7, 1, 10, 0), 'docstatus': 1, 'modified_by': 'Administrator', 'naming_series': 'BA.##########', '_liked_by': None, '_user_tags': None, 'employee_id': 'HR-EMP-00003', 'idx': 0, 'amended_from': None, '_comments': None, 'parentfield': None, 'is_permitted_location': None, 'status': 1, 'uid': 0, 'punch': 0, '_assign': None, 'user_id': None}, {'parent': None, 'modified': datetime.datetime(2020, 7, 1, 11, 56, 52, 225418), 'name': 'BA0000000015', 'user_name': None, 'creation': datetime.datetime(2020, 7, 1, 11, 56, 50, 561132), 'source': None, 'date': datetime.date(2020, 7, 1), 'parenttype': None, 'punch_status': None, 'owner': 'Administrator', 'timestamp': datetime.datetime(2020, 7, 1, 11, 0), 'docstatus': 1, 'modified_by': 'Administrator', 'naming_series': 'BA.##########', '_liked_by': None, '_user_tags': None, 'employee_id': 'HR-EMP-00003', 'idx': 0, 'amended_from': None, '_comments': None, 'parentfield': None, 'is_permitted_location': None, 'status': 1, 'uid': 0, 'punch': 1, '_assign': None, 'user_id': None}]
unified_attendance------------------{'HR-EMP-00003': [{'employee_id': 'HR-EMP-00003', 'timestamp': datetime.datetime(2020, 7, 1, 10, 0), 'punch': 0, 'user_name': None, 'is_permitted_location': '', 'user_id': None}, {'employee_id': 'HR-EMP-00003', 'timestamp': datetime.datetime(2020, 7, 1, 11, 0), 'punch': 1, 'user_name': None, 'is_permitted_location': '', 'user_id': None}]}
currenct date-------------------2020-07-01 12:00:17.804249
attnadance_record-------------2020-07-01 12:00:17.924033
currenct_date---------------2020-07-01 12:00:17.924033
waiting time --------------2020-07-01 11:05:00
its comming here -------------attnadance_record----skjdfnkasjd---------2020-07-01 06:30:17.905230
frappe time-----------------2020-07-01 12:00:17.905245
attendence----------------[{'parent': None, 'modified': datetime.datetime(2020, 7, 1, 11, 56, 35, 532714), 'name': 'BA0000000014', 'user_name': None, 'creation': datetime.datetime(2020, 7, 1, 11, 56, 33, 580976), 'source': None, 'date': datetime.date(2020, 7, 1), 'parenttype': None, 'punch_status': None, 'owner': 'Administrator', 'timestamp': datetime.datetime(2020, 7, 1, 10, 0), 'docstatus': 1, 'modified_by': 'Administrator', 'naming_series': 'BA.##########', '_liked_by': None, '_user_tags': None, 'employee_id': 'HR-EMP-00003', 'idx': 0, 'amended_from': None, '_comments': None, 'parentfield': None, 'is_permitted_location': None, 'status': 1, 'uid': 0, 'punch': 0, '_assign': None, 'user_id': None}, {'parent': None, 'modified': datetime.datetime(2020, 7, 1, 11, 56, 52, 225418), 'name': 'BA0000000015', 'user_name': None, 'creation': datetime.datetime(2020, 7, 1, 11, 56, 50, 561132), 'source': None, 'date': datetime.date(2020, 7, 1), 'parenttype': None, 'punch_status': None, 'owner': 'Administrator', 'timestamp': datetime.datetime(2020, 7, 1, 11, 0), 'docstatus': 1, 'modified_by': 'Administrator', 'naming_series': 'BA.##########', '_liked_by': None, '_user_tags': None, 'employee_id': 'HR-EMP-00003', 'idx': 0, 'amended_from': None, '_comments': None, 'parentfield': None, 'is_permitted_location': None, 'status': 1, 'uid': 0, 'punch': 1, '_assign': None, 'user_id': None}]
unified_attendance------------------{'HR-EMP-00003': [{'employee_id': 'HR-EMP-00003', 'timestamp': datetime.datetime(2020, 7, 1, 10, 0), 'punch': 0, 'user_name': None, 'is_permitted_location': '', 'user_id': None}, {'employee_id': 'HR-EMP-00003', 'timestamp': datetime.datetime(2020, 7, 1, 11, 0), 'punch': 1, 'user_name': None, 'is_permitted_location': '', 'user_id': None}]}
currenct date-------------------2020-07-01 12:01:15.718237
attnadance_record-------------2020-07-01 12:01:15.816326
currenct_date---------------2020-07-01 12:01:15.816326
waiting time --------------2020-07-01 11:05:00
its comming here -------------attnadance_record----skjdfnkasjd---------2020-07-01 06:31:15.797749
frappe time-----------------2020-07-01 12:01:15.797763
attendence----------------[{'parent': None, 'modified': datetime.datetime(2020, 7, 1, 11, 56, 35, 532714), 'name': 'BA0000000014', 'user_name': None, 'creation': datetime.datetime(2020, 7, 1, 11, 56, 33, 580976), 'source': None, 'date': datetime.date(2020, 7, 1), 'parenttype': None, 'punch_status': None, 'owner': 'Administrator', 'timestamp': datetime.datetime(2020, 7, 1, 10, 0), 'docstatus': 1, 'modified_by': 'Administrator', 'naming_series': 'BA.##########', '_liked_by': None, '_user_tags': None, 'employee_id': 'HR-EMP-00003', 'idx': 0, 'amended_from': None, '_comments': None, 'parentfield': None, 'is_permitted_location': None, 'status': 1, 'uid': 0, 'punch': 0, '_assign': None, 'user_id': None}, {'parent': None, 'modified': datetime.datetime(2020, 7, 1, 11, 56, 52, 225418), 'name': 'BA0000000015', 'user_name': None, 'creation': datetime.datetime(2020, 7, 1, 11, 56, 50, 561132), 'source': None, 'date': datetime.date(2020, 7, 1), 'parenttype': None, 'punch_status': None, 'owner': 'Administrator', 'timestamp': datetime.datetime(2020, 7, 1, 11, 0), 'docstatus': 1, 'modified_by': 'Administrator', 'naming_series': 'BA.##########', '_liked_by': None, '_user_tags': None, 'employee_id': 'HR-EMP-00003', 'idx': 0, 'amended_from': None, '_comments': None, 'parentfield': None, 'is_permitted_location': None, 'status': 1, 'uid': 0, 'punch': 1, '_assign': None, 'user_id': None}]
unified_attendance------------------{'HR-EMP-00003': [{'employee_id': 'HR-EMP-00003', 'timestamp': datetime.datetime(2020, 7, 1, 10, 0), 'punch': 0, 'user_name': None, 'is_permitted_location': '', 'user_id': None}, {'employee_id': 'HR-EMP-00003', 'timestamp': datetime.datetime(2020, 7, 1, 11, 0), 'punch': 1, 'user_name': None, 'is_permitted_location': '', 'user_id': None}]}
currenct date-------------------2020-07-01 12:02:15.811923
attnadance_record-------------2020-07-01 12:02:15.918590
currenct_date---------------2020-07-01 12:02:15.918590
waiting time --------------2020-07-01 11:05:00
its comming here -------------attnadance_record----skjdfnkasjd---------2020-07-01 06:32:15.897920
frappe time-----------------2020-07-01 12:02:15.897935
attendence----------------[{'parent': None, 'modified': datetime.datetime(2020, 7, 1, 11, 56, 35, 532714), 'name': 'BA0000000014', 'user_name': None, 'creation': datetime.datetime(2020, 7, 1, 11, 56, 33, 580976), 'source': None, 'date': datetime.date(2020, 7, 1), 'parenttype': None, 'punch_status': None, 'owner': 'Administrator', 'timestamp': datetime.datetime(2020, 7, 1, 10, 0), 'docstatus': 1, 'modified_by': 'Administrator', 'naming_series': 'BA.##########', '_liked_by': None, '_user_tags': None, 'employee_id': 'HR-EMP-00003', 'idx': 0, 'amended_from': None, '_comments': None, 'parentfield': None, 'is_permitted_location': None, 'status': 1, 'uid': 0, 'punch': 0, '_assign': None, 'user_id': None}, {'parent': None, 'modified': datetime.datetime(2020, 7, 1, 11, 56, 52, 225418), 'name': 'BA0000000015', 'user_name': None, 'creation': datetime.datetime(2020, 7, 1, 11, 56, 50, 561132), 'source': None, 'date': datetime.date(2020, 7, 1), 'parenttype': None, 'punch_status': None, 'owner': 'Administrator', 'timestamp': datetime.datetime(2020, 7, 1, 11, 0), 'docstatus': 1, 'modified_by': 'Administrator', 'naming_series': 'BA.##########', '_liked_by': None, '_user_tags': None, 'employee_id': 'HR-EMP-00003', 'idx': 0, 'amended_from': None, '_comments': None, 'parentfield': None, 'is_permitted_location': None, 'status': 1, 'uid': 0, 'punch': 1, '_assign': None, 'user_id': None}]
unified_attendance------------------{'HR-EMP-00003': [{'employee_id': 'HR-EMP-00003', 'timestamp': datetime.datetime(2020, 7, 1, 10, 0), 'punch': 0, 'user_name': None, 'is_permitted_location': '', 'user_id': None}, {'employee_id': 'HR-EMP-00003', 'timestamp': datetime.datetime(2020, 7, 1, 11, 0), 'punch': 1, 'user_name': None, 'is_permitted_location': '', 'user_id': None}]}
currenct date-------------------2020-07-01 12:03:15.891999
attnadance_record-------------2020-07-01 12:03:15.995264
currenct_date---------------2020-07-01 12:03:15.995264
waiting time --------------2020-07-01 11:05:00
its comming here -------------attnadance_record----skjdfnkasjd---------2020-07-01 06:33:15.974713
frappe time-----------------2020-07-01 12:03:15.974730
attendence----------------[{'parent': None, 'modified': datetime.datetime(2020, 7, 1, 11, 56, 35, 532714), 'name': 'BA0000000014', 'user_name': None, 'creation': datetime.datetime(2020, 7, 1, 11, 56, 33, 580976), 'source': None, 'date': datetime.date(2020, 7, 1), 'parenttype': None, 'punch_status': None, 'owner': 'Administrator', 'timestamp': datetime.datetime(2020, 7, 1, 10, 0), 'docstatus': 1, 'modified_by': 'Administrator', 'naming_series': 'BA.##########', '_liked_by': None, '_user_tags': None, 'employee_id': 'HR-EMP-00003', 'idx': 0, 'amended_from': None, '_comments': None, 'parentfield': None, 'is_permitted_location': None, 'status': 1, 'uid': 0, 'punch': 0, '_assign': None, 'user_id': None}, {'parent': None, 'modified': datetime.datetime(2020, 7, 1, 11, 56, 52, 225418), 'name': 'BA0000000015', 'user_name': None, 'creation': datetime.datetime(2020, 7, 1, 11, 56, 50, 561132), 'source': None, 'date': datetime.date(2020, 7, 1), 'parenttype': None, 'punch_status': None, 'owner': 'Administrator', 'timestamp': datetime.datetime(2020, 7, 1, 11, 0), 'docstatus': 1, 'modified_by': 'Administrator', 'naming_series': 'BA.##########', '_liked_by': None, '_user_tags': None, 'employee_id': 'HR-EMP-00003', 'idx': 0, 'amended_from': None, '_comments': None, 'parentfield': None, 'is_permitted_location': None, 'status': 1, 'uid': 0, 'punch': 1, '_assign': None, 'user_id': None}]
unified_attendance------------------{'HR-EMP-00003': [{'employee_id': 'HR-EMP-00003', 'timestamp': datetime.datetime(2020, 7, 1, 10, 0), 'punch': 0, 'user_name': None, 'is_permitted_location': '', 'user_id': None}, {'employee_id': 'HR-EMP-00003', 'timestamp': datetime.datetime(2020, 7, 1, 11, 0), 'punch': 1, 'user_name': None, 'is_permitted_location': '', 'user_id': None}]}
currenct date-------------------2020-07-01 12:04:16.630466
attnadance_record-------------2020-07-01 12:04:16.729696
currenct_date---------------2020-07-01 12:04:16.729696
waiting time --------------2020-07-01 11:05:00
its comming here -------------attnadance_record----skjdfnkasjd---------2020-07-01 06:34:16.710261
frappe time-----------------2020-07-01 12:04:16.710275
attendence----------------[{'parent': None, 'modified': datetime.datetime(2020, 7, 1, 11, 56, 35, 532714), 'name': 'BA0000000014', 'user_name': None, 'creation': datetime.datetime(2020, 7, 1, 11, 56, 33, 580976), 'source': None, 'date': datetime.date(2020, 7, 1), 'parenttype': None, 'punch_status': None, 'owner': 'Administrator', 'timestamp': datetime.datetime(2020, 7, 1, 10, 0), 'docstatus': 1, 'modified_by': 'Administrator', 'naming_series': 'BA.##########', '_liked_by': None, '_user_tags': None, 'employee_id': 'HR-EMP-00003', 'idx': 0, 'amended_from': None, '_comments': None, 'parentfield': None, 'is_permitted_location': None, 'status': 1, 'uid': 0, 'punch': 0, '_assign': None, 'user_id': None}, {'parent': None, 'modified': datetime.datetime(2020, 7, 1, 11, 56, 52, 225418), 'name': 'BA0000000015', 'user_name': None, 'creation': datetime.datetime(2020, 7, 1, 11, 56, 50, 561132), 'source': None, 'date': datetime.date(2020, 7, 1), 'parenttype': None, 'punch_status': None, 'owner': 'Administrator', 'timestamp': datetime.datetime(2020, 7, 1, 11, 0), 'docstatus': 1, 'modified_by': 'Administrator', 'naming_series': 'BA.##########', '_liked_by': None, '_user_tags': None, 'employee_id': 'HR-EMP-00003', 'idx': 0, 'amended_from': None, '_comments': None, 'parentfield': None, 'is_permitted_location': None, 'status': 1, 'uid': 0, 'punch': 1, '_assign': None, 'user_id': None}]
unified_attendance------------------{'HR-EMP-00003': [{'employee_id': 'HR-EMP-00003', 'timestamp': datetime.datetime(2020, 7, 1, 10, 0), 'punch': 0, 'user_name': None, 'is_permitted_location': '', 'user_id': None}, {'employee_id': 'HR-EMP-00003', 'timestamp': datetime.datetime(2020, 7, 1, 11, 0), 'punch': 1, 'user_name': None, 'is_permitted_location': '', 'user_id': None}]}
currenct date-------------------2020-07-01 12:05:16.132150
attnadance_record-------------2020-07-01 12:05:16.230375
currenct_date---------------2020-07-01 12:05:16.230375
waiting time --------------2020-07-01 11:05:00
its comming here -------------attnadance_record----skjdfnkasjd---------2020-07-01 06:35:16.211449
frappe time-----------------2020-07-01 12:05:16.211463
attendence----------------[{'parent': None, 'modified': datetime.datetime(2020, 7, 1, 11, 56, 35, 532714), 'name': 'BA0000000014', 'user_name': None, 'creation': datetime.datetime(2020, 7, 1, 11, 56, 33, 580976), 'source': None, 'date': datetime.date(2020, 7, 1), 'parenttype': None, 'punch_status': None, 'owner': 'Administrator', 'timestamp': datetime.datetime(2020, 7, 1, 10, 0), 'docstatus': 1, 'modified_by': 'Administrator', 'naming_series': 'BA.##########', '_liked_by': None, '_user_tags': None, 'employee_id': 'HR-EMP-00003', 'idx': 0, 'amended_from': None, '_comments': None, 'parentfield': None, 'is_permitted_location': None, 'status': 1, 'uid': 0, 'punch': 0, '_assign': None, 'user_id': None}, {'parent': None, 'modified': datetime.datetime(2020, 7, 1, 11, 56, 52, 225418), 'name': 'BA0000000015', 'user_name': None, 'creation': datetime.datetime(2020, 7, 1, 11, 56, 50, 561132), 'source': None, 'date': datetime.date(2020, 7, 1), 'parenttype': None, 'punch_status': None, 'owner': 'Administrator', 'timestamp': datetime.datetime(2020, 7, 1, 11, 0), 'docstatus': 1, 'modified_by': 'Administrator', 'naming_series': 'BA.##########', '_liked_by': None, '_user_tags': None, 'employee_id': 'HR-EMP-00003', 'idx': 0, 'amended_from': None, '_comments': None, 'parentfield': None, 'is_permitted_location': None, 'status': 1, 'uid': 0, 'punch': 1, '_assign': None, 'user_id': None}]
unified_attendance------------------{'HR-EMP-00003': [{'employee_id': 'HR-EMP-00003', 'timestamp': datetime.datetime(2020, 7, 1, 10, 0), 'punch': 0, 'user_name': None, 'is_permitted_location': '', 'user_id': None}, {'employee_id': 'HR-EMP-00003', 'timestamp': datetime.datetime(2020, 7, 1, 11, 0), 'punch': 1, 'user_name': None, 'is_permitted_location': '', 'user_id': None}]}
currenct date-------------------2020-07-01 12:06:16.203296
attnadance_record-------------2020-07-01 12:06:16.308850
currenct_date---------------2020-07-01 12:06:16.308850
waiting time --------------2020-07-01 11:05:00
its comming here -------------attnadance_record----skjdfnkasjd---------2020-07-01 06:36:16.288549
frappe time-----------------2020-07-01 12:06:16.288571
attendence----------------[{'parent': None, 'modified': datetime.datetime(2020, 7, 1, 11, 56, 35, 532714), 'name': 'BA0000000014', 'user_name': None, 'creation': datetime.datetime(2020, 7, 1, 11, 56, 33, 580976), 'source': None, 'date': datetime.date(2020, 7, 1), 'parenttype': None, 'punch_status': None, 'owner': 'Administrator', 'timestamp': datetime.datetime(2020, 7, 1, 10, 0), 'docstatus': 1, 'modified_by': 'Administrator', 'naming_series': 'BA.##########', '_liked_by': None, '_user_tags': None, 'employee_id': 'HR-EMP-00003', 'idx': 0, 'amended_from': None, '_comments': None, 'parentfield': None, 'is_permitted_location': None, 'status': 1, 'uid': 0, 'punch': 0, '_assign': None, 'user_id': None}, {'parent': None, 'modified': datetime.datetime(2020, 7, 1, 11, 56, 52, 225418), 'name': 'BA0000000015', 'user_name': None, 'creation': datetime.datetime(2020, 7, 1, 11, 56, 50, 561132), 'source': None, 'date': datetime.date(2020, 7, 1), 'parenttype': None, 'punch_status': None, 'owner': 'Administrator', 'timestamp': datetime.datetime(2020, 7, 1, 11, 0), 'docstatus': 1, 'modified_by': 'Administrator', 'naming_series': 'BA.##########', '_liked_by': None, '_user_tags': None, 'employee_id': 'HR-EMP-00003', 'idx': 0, 'amended_from': None, '_comments': None, 'parentfield': None, 'is_permitted_location': None, 'status': 1, 'uid': 0, 'punch': 1, '_assign': None, 'user_id': None}]
unified_attendance------------------{'HR-EMP-00003': [{'employee_id': 'HR-EMP-00003', 'timestamp': datetime.datetime(2020, 7, 1, 10, 0), 'punch': 0, 'user_name': None, 'is_permitted_location': '', 'user_id': None}, {'employee_id': 'HR-EMP-00003', 'timestamp': datetime.datetime(2020, 7, 1, 11, 0), 'punch': 1, 'user_name': None, 'is_permitted_location': '', 'user_id': None}]}
currenct date-------------------2020-07-01 12:07:16.302573
attnadance_record-------------2020-07-01 12:07:16.407359
currenct_date---------------2020-07-01 12:07:16.407359
waiting time --------------2020-07-01 11:05:00
its comming here -------------attnadance_record----skjdfnkasjd---------2020-07-01 06:37:16.386795
frappe time-----------------2020-07-01 12:07:16.386811
attendence----------------[{'parent': None, 'modified': datetime.datetime(2020, 7, 1, 11, 56, 35, 532714), 'name': 'BA0000000014', 'user_name': None, 'creation': datetime.datetime(2020, 7, 1, 11, 56, 33, 580976), 'source': None, 'date': datetime.date(2020, 7, 1), 'parenttype': None, 'punch_status': None, 'owner': 'Administrator', 'timestamp': datetime.datetime(2020, 7, 1, 10, 0), 'docstatus': 1, 'modified_by': 'Administrator', 'naming_series': 'BA.##########', '_liked_by': None, '_user_tags': None, 'employee_id': 'HR-EMP-00003', 'idx': 0, 'amended_from': None, '_comments': None, 'parentfield': None, 'is_permitted_location': None, 'status': 1, 'uid': 0, 'punch': 0, '_assign': None, 'user_id': None}, {'parent': None, 'modified': datetime.datetime(2020, 7, 1, 11, 56, 52, 225418), 'name': 'BA0000000015', 'user_name': None, 'creation': datetime.datetime(2020, 7, 1, 11, 56, 50, 561132), 'source': None, 'date': datetime.date(2020, 7, 1), 'parenttype': None, 'punch_status': None, 'owner': 'Administrator', 'timestamp': datetime.datetime(2020, 7, 1, 11, 0), 'docstatus': 1, 'modified_by': 'Administrator', 'naming_series': 'BA.##########', '_liked_by': None, '_user_tags': None, 'employee_id': 'HR-EMP-00003', 'idx': 0, 'amended_from': None, '_comments': None, 'parentfield': None, 'is_permitted_location': None, 'status': 1, 'uid': 0, 'punch': 1, '_assign': None, 'user_id': None}]
unified_attendance------------------{'HR-EMP-00003': [{'employee_id': 'HR-EMP-00003', 'timestamp': datetime.datetime(2020, 7, 1, 10, 0), 'punch': 0, 'user_name': None, 'is_permitted_location': '', 'user_id': None}, {'employee_id': 'HR-EMP-00003', 'timestamp': datetime.datetime(2020, 7, 1, 11, 0), 'punch': 1, 'user_name': None, 'is_permitted_location': '', 'user_id': None}]}
currenct date-------------------2020-07-01 12:08:17.033155
attnadance_record-------------2020-07-01 12:08:17.131800
currenct_date---------------2020-07-01 12:08:17.131800
waiting time --------------2020-07-01 11:05:00
its comming here -------------attnadance_record----skjdfnkasjd---------2020-07-01 06:38:17.112922
frappe time-----------------2020-07-01 12:08:17.112937
attendence----------------[{'parent': None, 'modified': datetime.datetime(2020, 7, 1, 11, 56, 35, 532714), 'name': 'BA0000000014', 'user_name': None, 'creation': datetime.datetime(2020, 7, 1, 11, 56, 33, 580976), 'source': None, 'date': datetime.date(2020, 7, 1), 'parenttype': None, 'punch_status': None, 'owner': 'Administrator', 'timestamp': datetime.datetime(2020, 7, 1, 10, 0), 'docstatus': 1, 'modified_by': 'Administrator', 'naming_series': 'BA.##########', '_liked_by': None, '_user_tags': None, 'employee_id': 'HR-EMP-00003', 'idx': 0, 'amended_from': None, '_comments': None, 'parentfield': None, 'is_permitted_location': None, 'status': 1, 'uid': 0, 'punch': 0, '_assign': None, 'user_id': None}, {'parent': None, 'modified': datetime.datetime(2020, 7, 1, 11, 56, 52, 225418), 'name': 'BA0000000015', 'user_name': None, 'creation': datetime.datetime(2020, 7, 1, 11, 56, 50, 561132), 'source': None, 'date': datetime.date(2020, 7, 1), 'parenttype': None, 'punch_status': None, 'owner': 'Administrator', 'timestamp': datetime.datetime(2020, 7, 1, 11, 0), 'docstatus': 1, 'modified_by': 'Administrator', 'naming_series': 'BA.##########', '_liked_by': None, '_user_tags': None, 'employee_id': 'HR-EMP-00003', 'idx': 0, 'amended_from': None, '_comments': None, 'parentfield': None, 'is_permitted_location': None, 'status': 1, 'uid': 0, 'punch': 1, '_assign': None, 'user_id': None}]
unified_attendance------------------{'HR-EMP-00003': [{'employee_id': 'HR-EMP-00003', 'timestamp': datetime.datetime(2020, 7, 1, 10, 0), 'punch': 0, 'user_name': None, 'is_permitted_location': '', 'user_id': None}, {'employee_id': 'HR-EMP-00003', 'timestamp': datetime.datetime(2020, 7, 1, 11, 0), 'punch': 1, 'user_name': None, 'is_permitted_location': '', 'user_id': None}]}
currenct date-------------------2020-07-01 12:09:16.499508
attnadance_record-------------2020-07-01 12:09:16.597055
currenct_date---------------2020-07-01 12:09:16.597055
waiting time --------------2020-07-01 11:05:00
its comming here -------------attnadance_record----skjdfnkasjd---------2020-07-01 06:39:16.578455
frappe time-----------------2020-07-01 12:09:16.578470
attendence----------------[{'parent': None, 'modified': datetime.datetime(2020, 7, 1, 11, 56, 35, 532714), 'name': 'BA0000000014', 'user_name': None, 'creation': datetime.datetime(2020, 7, 1, 11, 56, 33, 580976), 'source': None, 'date': datetime.date(2020, 7, 1), 'parenttype': None, 'punch_status': None, 'owner': 'Administrator', 'timestamp': datetime.datetime(2020, 7, 1, 10, 0), 'docstatus': 1, 'modified_by': 'Administrator', 'naming_series': 'BA.##########', '_liked_by': None, '_user_tags': None, 'employee_id': 'HR-EMP-00003', 'idx': 0, 'amended_from': None, '_comments': None, 'parentfield': None, 'is_permitted_location': None, 'status': 1, 'uid': 0, 'punch': 0, '_assign': None, 'user_id': None}, {'parent': None, 'modified': datetime.datetime(2020, 7, 1, 11, 56, 52, 225418), 'name': 'BA0000000015', 'user_name': None, 'creation': datetime.datetime(2020, 7, 1, 11, 56, 50, 561132), 'source': None, 'date': datetime.date(2020, 7, 1), 'parenttype': None, 'punch_status': None, 'owner': 'Administrator', 'timestamp': datetime.datetime(2020, 7, 1, 11, 0), 'docstatus': 1, 'modified_by': 'Administrator', 'naming_series': 'BA.##########', '_liked_by': None, '_user_tags': None, 'employee_id': 'HR-EMP-00003', 'idx': 0, 'amended_from': None, '_comments': None, 'parentfield': None, 'is_permitted_location': None, 'status': 1, 'uid': 0, 'punch': 1, '_assign': None, 'user_id': None}]
unified_attendance------------------{'HR-EMP-00003': [{'employee_id': 'HR-EMP-00003', 'timestamp': datetime.datetime(2020, 7, 1, 10, 0), 'punch': 0, 'user_name': None, 'is_permitted_location': '', 'user_id': None}, {'employee_id': 'HR-EMP-00003', 'timestamp': datetime.datetime(2020, 7, 1, 11, 0), 'punch': 1, 'user_name': None, 'is_permitted_location': '', 'user_id': None}]}
currenct date-------------------2020-07-01 12:10:16.598472
attnadance_record-------------2020-07-01 12:10:16.699480
currenct_date---------------2020-07-01 12:10:16.699480
waiting time --------------2020-07-01 11:05:00
its comming here -------------attnadance_record----skjdfnkasjd---------2020-07-01 06:40:16.679736
frappe time-----------------2020-07-01 12:10:16.679750
attendence----------------[{'parent': None, 'modified': datetime.datetime(2020, 7, 1, 11, 56, 35, 532714), 'name': 'BA0000000014', 'user_name': None, 'creation': datetime.datetime(2020, 7, 1, 11, 56, 33, 580976), 'source': None, 'date': datetime.date(2020, 7, 1), 'parenttype': None, 'punch_status': None, 'owner': 'Administrator', 'timestamp': datetime.datetime(2020, 7, 1, 10, 0), 'docstatus': 1, 'modified_by': 'Administrator', 'naming_series': 'BA.##########', '_liked_by': None, '_user_tags': None, 'employee_id': 'HR-EMP-00003', 'idx': 0, 'amended_from': None, '_comments': None, 'parentfield': None, 'is_permitted_location': None, 'status': 1, 'uid': 0, 'punch': 0, '_assign': None, 'user_id': None}, {'parent': None, 'modified': datetime.datetime(2020, 7, 1, 11, 56, 52, 225418), 'name': 'BA0000000015', 'user_name': None, 'creation': datetime.datetime(2020, 7, 1, 11, 56, 50, 561132), 'source': None, 'date': datetime.date(2020, 7, 1), 'parenttype': None, 'punch_status': None, 'owner': 'Administrator', 'timestamp': datetime.datetime(2020, 7, 1, 11, 0), 'docstatus': 1, 'modified_by': 'Administrator', 'naming_series': 'BA.##########', '_liked_by': None, '_user_tags': None, 'employee_id': 'HR-EMP-00003', 'idx': 0, 'amended_from': None, '_comments': None, 'parentfield': None, 'is_permitted_location': None, 'status': 1, 'uid': 0, 'punch': 1, '_assign': None, 'user_id': None}]
unified_attendance------------------{'HR-EMP-00003': [{'employee_id': 'HR-EMP-00003', 'timestamp': datetime.datetime(2020, 7, 1, 10, 0), 'punch': 0, 'user_name': None, 'is_permitted_location': '', 'user_id': None}, {'employee_id': 'HR-EMP-00003', 'timestamp': datetime.datetime(2020, 7, 1, 11, 0), 'punch': 1, 'user_name': None, 'is_permitted_location': '', 'user_id': None}]}
currenct date-------------------2020-07-01 12:11:16.701556
attnadance_record-------------2020-07-01 12:11:16.807355
currenct_date---------------2020-07-01 12:11:16.807355
waiting time --------------2020-07-01 11:05:00
its comming here -------------attnadance_record----skjdfnkasjd---------2020-07-01 06:41:16.786934
frappe time-----------------2020-07-01 12:11:16.786949
attendence----------------[{'parent': None, 'modified': datetime.datetime(2020, 7, 1, 11, 56, 35, 532714), 'name': 'BA0000000014', 'user_name': None, 'creation': datetime.datetime(2020, 7, 1, 11, 56, 33, 580976), 'source': None, 'date': datetime.date(2020, 7, 1), 'parenttype': None, 'punch_status': None, 'owner': 'Administrator', 'timestamp': datetime.datetime(2020, 7, 1, 10, 0), 'docstatus': 1, 'modified_by': 'Administrator', 'naming_series': 'BA.##########', '_liked_by': None, '_user_tags': None, 'employee_id': 'HR-EMP-00003', 'idx': 0, 'amended_from': None, '_comments': None, 'parentfield': None, 'is_permitted_location': None, 'status': 1, 'uid': 0, 'punch': 0, '_assign': None, 'user_id': None}, {'parent': None, 'modified': datetime.datetime(2020, 7, 1, 11, 56, 52, 225418), 'name': 'BA0000000015', 'user_name': None, 'creation': datetime.datetime(2020, 7, 1, 11, 56, 50, 561132), 'source': None, 'date': datetime.date(2020, 7, 1), 'parenttype': None, 'punch_status': None, 'owner': 'Administrator', 'timestamp': datetime.datetime(2020, 7, 1, 11, 0), 'docstatus': 1, 'modified_by': 'Administrator', 'naming_series': 'BA.##########', '_liked_by': None, '_user_tags': None, 'employee_id': 'HR-EMP-00003', 'idx': 0, 'amended_from': None, '_comments': None, 'parentfield': None, 'is_permitted_location': None, 'status': 1, 'uid': 0, 'punch': 1, '_assign': None, 'user_id': None}]
unified_attendance------------------{'HR-EMP-00003': [{'employee_id': 'HR-EMP-00003', 'timestamp': datetime.datetime(2020, 7, 1, 10, 0), 'punch': 0, 'user_name': None, 'is_permitted_location': '', 'user_id': None}, {'employee_id': 'HR-EMP-00003', 'timestamp': datetime.datetime(2020, 7, 1, 11, 0), 'punch': 1, 'user_name': None, 'is_permitted_location': '', 'user_id': None}]}
currenct date-------------------2020-07-01 12:12:17.404235
attnadance_record-------------2020-07-01 12:12:17.501406
currenct_date---------------2020-07-01 12:12:17.501406
waiting time --------------2020-07-01 11:05:00
its comming here -------------attnadance_record----skjdfnkasjd---------2020-07-01 06:42:17.482691
frappe time-----------------2020-07-01 12:12:17.482706
attendence----------------[{'parent': None, 'modified': datetime.datetime(2020, 7, 1, 11, 56, 35, 532714), 'name': 'BA0000000014', 'user_name': None, 'creation': datetime.datetime(2020, 7, 1, 11, 56, 33, 580976), 'source': None, 'date': datetime.date(2020, 7, 1), 'parenttype': None, 'punch_status': None, 'owner': 'Administrator', 'timestamp': datetime.datetime(2020, 7, 1, 10, 0), 'docstatus': 1, 'modified_by': 'Administrator', 'naming_series': 'BA.##########', '_liked_by': None, '_user_tags': None, 'employee_id': 'HR-EMP-00003', 'idx': 0, 'amended_from': None, '_comments': None, 'parentfield': None, 'is_permitted_location': None, 'status': 1, 'uid': 0, 'punch': 0, '_assign': None, 'user_id': None}, {'parent': None, 'modified': datetime.datetime(2020, 7, 1, 11, 56, 52, 225418), 'name': 'BA0000000015', 'user_name': None, 'creation': datetime.datetime(2020, 7, 1, 11, 56, 50, 561132), 'source': None, 'date': datetime.date(2020, 7, 1), 'parenttype': None, 'punch_status': None, 'owner': 'Administrator', 'timestamp': datetime.datetime(2020, 7, 1, 11, 0), 'docstatus': 1, 'modified_by': 'Administrator', 'naming_series': 'BA.##########', '_liked_by': None, '_user_tags': None, 'employee_id': 'HR-EMP-00003', 'idx': 0, 'amended_from': None, '_comments': None, 'parentfield': None, 'is_permitted_location': None, 'status': 1, 'uid': 0, 'punch': 1, '_assign': None, 'user_id': None}]
unified_attendance------------------{'HR-EMP-00003': [{'employee_id': 'HR-EMP-00003', 'timestamp': datetime.datetime(2020, 7, 1, 10, 0), 'punch': 0, 'user_name': None, 'is_permitted_location': '', 'user_id': None}, {'employee_id': 'HR-EMP-00003', 'timestamp': datetime.datetime(2020, 7, 1, 11, 0), 'punch': 1, 'user_name': None, 'is_permitted_location': '', 'user_id': None}]}
currenct date-------------------2020-07-01 12:13:16.893330
attnadance_record-------------2020-07-01 12:13:16.993892
currenct_date---------------2020-07-01 12:13:16.993892
waiting time --------------2020-07-01 11:05:00
its comming here -------------attnadance_record----skjdfnkasjd---------2020-07-01 06:43:16.974584
frappe time-----------------2020-07-01 12:13:16.974599
attendence----------------[{'parent': None, 'modified': datetime.datetime(2020, 7, 1, 11, 56, 35, 532714), 'name': 'BA0000000014', 'user_name': None, 'creation': datetime.datetime(2020, 7, 1, 11, 56, 33, 580976), 'source': None, 'date': datetime.date(2020, 7, 1), 'parenttype': None, 'punch_status': None, 'owner': 'Administrator', 'timestamp': datetime.datetime(2020, 7, 1, 10, 0), 'docstatus': 1, 'modified_by': 'Administrator', 'naming_series': 'BA.##########', '_liked_by': None, '_user_tags': None, 'employee_id': 'HR-EMP-00003', 'idx': 0, 'amended_from': None, '_comments': None, 'parentfield': None, 'is_permitted_location': None, 'status': 1, 'uid': 0, 'punch': 0, '_assign': None, 'user_id': None}, {'parent': None, 'modified': datetime.datetime(2020, 7, 1, 11, 56, 52, 225418), 'name': 'BA0000000015', 'user_name': None, 'creation': datetime.datetime(2020, 7, 1, 11, 56, 50, 561132), 'source': None, 'date': datetime.date(2020, 7, 1), 'parenttype': None, 'punch_status': None, 'owner': 'Administrator', 'timestamp': datetime.datetime(2020, 7, 1, 11, 0), 'docstatus': 1, 'modified_by': 'Administrator', 'naming_series': 'BA.##########', '_liked_by': None, '_user_tags': None, 'employee_id': 'HR-EMP-00003', 'idx': 0, 'amended_from': None, '_comments': None, 'parentfield': None, 'is_permitted_location': None, 'status': 1, 'uid': 0, 'punch': 1, '_assign': None, 'user_id': None}]
unified_attendance------------------{'HR-EMP-00003': [{'employee_id': 'HR-EMP-00003', 'timestamp': datetime.datetime(2020, 7, 1, 10, 0), 'punch': 0, 'user_name': None, 'is_permitted_location': '', 'user_id': None}, {'employee_id': 'HR-EMP-00003', 'timestamp': datetime.datetime(2020, 7, 1, 11, 0), 'punch': 1, 'user_name': None, 'is_permitted_location': '', 'user_id': None}]}
currenct date-------------------2020-07-01 12:14:16.997156
attnadance_record-------------2020-07-01 12:14:17.096022
currenct_date---------------2020-07-01 12:14:17.096022
waiting time --------------2020-07-01 11:05:00
its comming here -------------attnadance_record----skjdfnkasjd---------2020-07-01 06:44:17.077321
frappe time-----------------2020-07-01 12:14:17.077335
attendence----------------[{'parent': None, 'modified': datetime.datetime(2020, 7, 1, 11, 56, 35, 532714), 'name': 'BA0000000014', 'user_name': None, 'creation': datetime.datetime(2020, 7, 1, 11, 56, 33, 580976), 'source': None, 'date': datetime.date(2020, 7, 1), 'parenttype': None, 'punch_status': None, 'owner': 'Administrator', 'timestamp': datetime.datetime(2020, 7, 1, 10, 0), 'docstatus': 1, 'modified_by': 'Administrator', 'naming_series': 'BA.##########', '_liked_by': None, '_user_tags': None, 'employee_id': 'HR-EMP-00003', 'idx': 0, 'amended_from': None, '_comments': None, 'parentfield': None, 'is_permitted_location': None, 'status': 1, 'uid': 0, 'punch': 0, '_assign': None, 'user_id': None}, {'parent': None, 'modified': datetime.datetime(2020, 7, 1, 11, 56, 52, 225418), 'name': 'BA0000000015', 'user_name': None, 'creation': datetime.datetime(2020, 7, 1, 11, 56, 50, 561132), 'source': None, 'date': datetime.date(2020, 7, 1), 'parenttype': None, 'punch_status': None, 'owner': 'Administrator', 'timestamp': datetime.datetime(2020, 7, 1, 11, 0), 'docstatus': 1, 'modified_by': 'Administrator', 'naming_series': 'BA.##########', '_liked_by': None, '_user_tags': None, 'employee_id': 'HR-EMP-00003', 'idx': 0, 'amended_from': None, '_comments': None, 'parentfield': None, 'is_permitted_location': None, 'status': 1, 'uid': 0, 'punch': 1, '_assign': None, 'user_id': None}]
unified_attendance------------------{'HR-EMP-00003': [{'employee_id': 'HR-EMP-00003', 'timestamp': datetime.datetime(2020, 7, 1, 10, 0), 'punch': 0, 'user_name': None, 'is_permitted_location': '', 'user_id': None}, {'employee_id': 'HR-EMP-00003', 'timestamp': datetime.datetime(2020, 7, 1, 11, 0), 'punch': 1, 'user_name': None, 'is_permitted_location': '', 'user_id': None}]}
currenct date-------------------2020-07-01 12:15:17.083952
attnadance_record-------------2020-07-01 12:15:17.182369
currenct_date---------------2020-07-01 12:15:17.182369
waiting time --------------2020-07-01 11:05:00
its comming here -------------attnadance_record----skjdfnkasjd---------2020-07-01 06:45:17.163146
frappe time-----------------2020-07-01 12:15:17.163161
attendence----------------[{'parent': None, 'modified': datetime.datetime(2020, 7, 1, 11, 56, 35, 532714), 'name': 'BA0000000014', 'user_name': None, 'creation': datetime.datetime(2020, 7, 1, 11, 56, 33, 580976), 'source': None, 'date': datetime.date(2020, 7, 1), 'parenttype': None, 'punch_status': None, 'owner': 'Administrator', 'timestamp': datetime.datetime(2020, 7, 1, 10, 0), 'docstatus': 1, 'modified_by': 'Administrator', 'naming_series': 'BA.##########', '_liked_by': None, '_user_tags': None, 'employee_id': 'HR-EMP-00003', 'idx': 0, 'amended_from': None, '_comments': None, 'parentfield': None, 'is_permitted_location': None, 'status': 1, 'uid': 0, 'punch': 0, '_assign': None, 'user_id': None}, {'parent': None, 'modified': datetime.datetime(2020, 7, 1, 11, 56, 52, 225418), 'name': 'BA0000000015', 'user_name': None, 'creation': datetime.datetime(2020, 7, 1, 11, 56, 50, 561132), 'source': None, 'date': datetime.date(2020, 7, 1), 'parenttype': None, 'punch_status': None, 'owner': 'Administrator', 'timestamp': datetime.datetime(2020, 7, 1, 11, 0), 'docstatus': 1, 'modified_by': 'Administrator', 'naming_series': 'BA.##########', '_liked_by': None, '_user_tags': None, 'employee_id': 'HR-EMP-00003', 'idx': 0, 'amended_from': None, '_comments': None, 'parentfield': None, 'is_permitted_location': None, 'status': 1, 'uid': 0, 'punch': 1, '_assign': None, 'user_id': None}]
unified_attendance------------------{'HR-EMP-00003': [{'employee_id': 'HR-EMP-00003', 'timestamp': datetime.datetime(2020, 7, 1, 10, 0), 'punch': 0, 'user_name': None, 'is_permitted_location': '', 'user_id': None}, {'employee_id': 'HR-EMP-00003', 'timestamp': datetime.datetime(2020, 7, 1, 11, 0), 'punch': 1, 'user_name': None, 'is_permitted_location': '', 'user_id': None}]}
currenct date-------------------2020-07-01 12:16:17.842531
attnadance_record-------------2020-07-01 12:16:17.939561
currenct_date---------------2020-07-01 12:16:17.939561
waiting time --------------2020-07-01 11:05:00
its comming here -------------attnadance_record----skjdfnkasjd---------2020-07-01 06:46:17.920617
frappe time-----------------2020-07-01 12:16:17.920631
attendence----------------[{'parent': None, 'modified': datetime.datetime(2020, 7, 1, 11, 56, 35, 532714), 'name': 'BA0000000014', 'user_name': None, 'creation': datetime.datetime(2020, 7, 1, 11, 56, 33, 580976), 'source': None, 'date': datetime.date(2020, 7, 1), 'parenttype': None, 'punch_status': None, 'owner': 'Administrator', 'timestamp': datetime.datetime(2020, 7, 1, 10, 0), 'docstatus': 1, 'modified_by': 'Administrator', 'naming_series': 'BA.##########', '_liked_by': None, '_user_tags': None, 'employee_id': 'HR-EMP-00003', 'idx': 0, 'amended_from': None, '_comments': None, 'parentfield': None, 'is_permitted_location': None, 'status': 1, 'uid': 0, 'punch': 0, '_assign': None, 'user_id': None}, {'parent': None, 'modified': datetime.datetime(2020, 7, 1, 11, 56, 52, 225418), 'name': 'BA0000000015', 'user_name': None, 'creation': datetime.datetime(2020, 7, 1, 11, 56, 50, 561132), 'source': None, 'date': datetime.date(2020, 7, 1), 'parenttype': None, 'punch_status': None, 'owner': 'Administrator', 'timestamp': datetime.datetime(2020, 7, 1, 11, 0), 'docstatus': 1, 'modified_by': 'Administrator', 'naming_series': 'BA.##########', '_liked_by': None, '_user_tags': None, 'employee_id': 'HR-EMP-00003', 'idx': 0, 'amended_from': None, '_comments': None, 'parentfield': None, 'is_permitted_location': None, 'status': 1, 'uid': 0, 'punch': 1, '_assign': None, 'user_id': None}]
unified_attendance------------------{'HR-EMP-00003': [{'employee_id': 'HR-EMP-00003', 'timestamp': datetime.datetime(2020, 7, 1, 10, 0), 'punch': 0, 'user_name': None, 'is_permitted_location': '', 'user_id': None}, {'employee_id': 'HR-EMP-00003', 'timestamp': datetime.datetime(2020, 7, 1, 11, 0), 'punch': 1, 'user_name': None, 'is_permitted_location': '', 'user_id': None}]}
currenct date-------------------2020-07-01 12:17:17.339493
attnadance_record-------------2020-07-01 12:17:17.437381
currenct_date---------------2020-07-01 12:17:17.437381
waiting time --------------2020-07-01 11:05:00
its comming here -------------attnadance_record----skjdfnkasjd---------2020-07-01 06:47:17.418446
frappe time-----------------2020-07-01 12:17:17.418461
attendence----------------[{'parent': None, 'modified': datetime.datetime(2020, 7, 1, 11, 56, 35, 532714), 'name': 'BA0000000014', 'user_name': None, 'creation': datetime.datetime(2020, 7, 1, 11, 56, 33, 580976), 'source': None, 'date': datetime.date(2020, 7, 1), 'parenttype': None, 'punch_status': None, 'owner': 'Administrator', 'timestamp': datetime.datetime(2020, 7, 1, 10, 0), 'docstatus': 1, 'modified_by': 'Administrator', 'naming_series': 'BA.##########', '_liked_by': None, '_user_tags': None, 'employee_id': 'HR-EMP-00003', 'idx': 0, 'amended_from': None, '_comments': None, 'parentfield': None, 'is_permitted_location': None, 'status': 1, 'uid': 0, 'punch': 0, '_assign': None, 'user_id': None}, {'parent': None, 'modified': datetime.datetime(2020, 7, 1, 11, 56, 52, 225418), 'name': 'BA0000000015', 'user_name': None, 'creation': datetime.datetime(2020, 7, 1, 11, 56, 50, 561132), 'source': None, 'date': datetime.date(2020, 7, 1), 'parenttype': None, 'punch_status': None, 'owner': 'Administrator', 'timestamp': datetime.datetime(2020, 7, 1, 11, 0), 'docstatus': 1, 'modified_by': 'Administrator', 'naming_series': 'BA.##########', '_liked_by': None, '_user_tags': None, 'employee_id': 'HR-EMP-00003', 'idx': 0, 'amended_from': None, '_comments': None, 'parentfield': None, 'is_permitted_location': None, 'status': 1, 'uid': 0, 'punch': 1, '_assign': None, 'user_id': None}]
unified_attendance------------------{'HR-EMP-00003': [{'employee_id': 'HR-EMP-00003', 'timestamp': datetime.datetime(2020, 7, 1, 10, 0), 'punch': 0, 'user_name': None, 'is_permitted_location': '', 'user_id': None}, {'employee_id': 'HR-EMP-00003', 'timestamp': datetime.datetime(2020, 7, 1, 11, 0), 'punch': 1, 'user_name': None, 'is_permitted_location': '', 'user_id': None}]}
currenct date-------------------2020-07-01 12:18:17.397308
attnadance_record-------------2020-07-01 12:18:17.498292
currenct_date---------------2020-07-01 12:18:17.498292
waiting time --------------2020-07-01 11:05:00
its comming here -------------attnadance_record----skjdfnkasjd---------2020-07-01 06:48:17.479131
frappe time-----------------2020-07-01 12:18:17.479147
attendence----------------[{'parent': None, 'modified': datetime.datetime(2020, 7, 1, 11, 56, 35, 532714), 'name': 'BA0000000014', 'user_name': None, 'creation': datetime.datetime(2020, 7, 1, 11, 56, 33, 580976), 'source': None, 'date': datetime.date(2020, 7, 1), 'parenttype': None, 'punch_status': None, 'owner': 'Administrator', 'timestamp': datetime.datetime(2020, 7, 1, 10, 0), 'docstatus': 1, 'modified_by': 'Administrator', 'naming_series': 'BA.##########', '_liked_by': None, '_user_tags': None, 'employee_id': 'HR-EMP-00003', 'idx': 0, 'amended_from': None, '_comments': None, 'parentfield': None, 'is_permitted_location': None, 'status': 1, 'uid': 0, 'punch': 0, '_assign': None, 'user_id': None}, {'parent': None, 'modified': datetime.datetime(2020, 7, 1, 11, 56, 52, 225418), 'name': 'BA0000000015', 'user_name': None, 'creation': datetime.datetime(2020, 7, 1, 11, 56, 50, 561132), 'source': None, 'date': datetime.date(2020, 7, 1), 'parenttype': None, 'punch_status': None, 'owner': 'Administrator', 'timestamp': datetime.datetime(2020, 7, 1, 11, 0), 'docstatus': 1, 'modified_by': 'Administrator', 'naming_series': 'BA.##########', '_liked_by': None, '_user_tags': None, 'employee_id': 'HR-EMP-00003', 'idx': 0, 'amended_from': None, '_comments': None, 'parentfield': None, 'is_permitted_location': None, 'status': 1, 'uid': 0, 'punch': 1, '_assign': None, 'user_id': None}]
unified_attendance------------------{'HR-EMP-00003': [{'employee_id': 'HR-EMP-00003', 'timestamp': datetime.datetime(2020, 7, 1, 10, 0), 'punch': 0, 'user_name': None, 'is_permitted_location': '', 'user_id': None}, {'employee_id': 'HR-EMP-00003', 'timestamp': datetime.datetime(2020, 7, 1, 11, 0), 'punch': 1, 'user_name': None, 'is_permitted_location': '', 'user_id': None}]}
currenct date-------------------2020-07-01 12:19:17.485082
attnadance_record-------------2020-07-01 12:19:17.588771
currenct_date---------------2020-07-01 12:19:17.588771
waiting time --------------2020-07-01 11:05:00
its comming here -------------attnadance_record----skjdfnkasjd---------2020-07-01 06:49:17.567753
frappe time-----------------2020-07-01 12:19:17.567767
attendence----------------[{'parent': None, 'modified': datetime.datetime(2020, 7, 1, 11, 56, 35, 532714), 'name': 'BA0000000014', 'user_name': None, 'creation': datetime.datetime(2020, 7, 1, 11, 56, 33, 580976), 'source': None, 'date': datetime.date(2020, 7, 1), 'parenttype': None, 'punch_status': None, 'owner': 'Administrator', 'timestamp': datetime.datetime(2020, 7, 1, 10, 0), 'docstatus': 1, 'modified_by': 'Administrator', 'naming_series': 'BA.##########', '_liked_by': None, '_user_tags': None, 'employee_id': 'HR-EMP-00003', 'idx': 0, 'amended_from': None, '_comments': None, 'parentfield': None, 'is_permitted_location': None, 'status': 1, 'uid': 0, 'punch': 0, '_assign': None, 'user_id': None}, {'parent': None, 'modified': datetime.datetime(2020, 7, 1, 11, 56, 52, 225418), 'name': 'BA0000000015', 'user_name': None, 'creation': datetime.datetime(2020, 7, 1, 11, 56, 50, 561132), 'source': None, 'date': datetime.date(2020, 7, 1), 'parenttype': None, 'punch_status': None, 'owner': 'Administrator', 'timestamp': datetime.datetime(2020, 7, 1, 11, 0), 'docstatus': 1, 'modified_by': 'Administrator', 'naming_series': 'BA.##########', '_liked_by': None, '_user_tags': None, 'employee_id': 'HR-EMP-00003', 'idx': 0, 'amended_from': None, '_comments': None, 'parentfield': None, 'is_permitted_location': None, 'status': 1, 'uid': 0, 'punch': 1, '_assign': None, 'user_id': None}]
unified_attendance------------------{'HR-EMP-00003': [{'employee_id': 'HR-EMP-00003', 'timestamp': datetime.datetime(2020, 7, 1, 10, 0), 'punch': 0, 'user_name': None, 'is_permitted_location': '', 'user_id': None}, {'employee_id': 'HR-EMP-00003', 'timestamp': datetime.datetime(2020, 7, 1, 11, 0), 'punch': 1, 'user_name': None, 'is_permitted_location': '', 'user_id': None}]}
currenct date-------------------2020-07-01 12:20:18.217069
attnadance_record-------------2020-07-01 12:20:18.316670
currenct_date---------------2020-07-01 12:20:18.316670
waiting time --------------2020-07-01 11:05:00
its comming here -------------attnadance_record----skjdfnkasjd---------2020-07-01 06:50:18.297755
frappe time-----------------2020-07-01 12:20:18.297770
attendence----------------[{'parent': None, 'modified': datetime.datetime(2020, 7, 1, 11, 56, 35, 532714), 'name': 'BA0000000014', 'user_name': None, 'creation': datetime.datetime(2020, 7, 1, 11, 56, 33, 580976), 'source': None, 'date': datetime.date(2020, 7, 1), 'parenttype': None, 'punch_status': None, 'owner': 'Administrator', 'timestamp': datetime.datetime(2020, 7, 1, 10, 0), 'docstatus': 1, 'modified_by': 'Administrator', 'naming_series': 'BA.##########', '_liked_by': None, '_user_tags': None, 'employee_id': 'HR-EMP-00003', 'idx': 0, 'amended_from': None, '_comments': None, 'parentfield': None, 'is_permitted_location': None, 'status': 1, 'uid': 0, 'punch': 0, '_assign': None, 'user_id': None}, {'parent': None, 'modified': datetime.datetime(2020, 7, 1, 11, 56, 52, 225418), 'name': 'BA0000000015', 'user_name': None, 'creation': datetime.datetime(2020, 7, 1, 11, 56, 50, 561132), 'source': None, 'date': datetime.date(2020, 7, 1), 'parenttype': None, 'punch_status': None, 'owner': 'Administrator', 'timestamp': datetime.datetime(2020, 7, 1, 11, 0), 'docstatus': 1, 'modified_by': 'Administrator', 'naming_series': 'BA.##########', '_liked_by': None, '_user_tags': None, 'employee_id': 'HR-EMP-00003', 'idx': 0, 'amended_from': None, '_comments': None, 'parentfield': None, 'is_permitted_location': None, 'status': 1, 'uid': 0, 'punch': 1, '_assign': None, 'user_id': None}]
unified_attendance------------------{'HR-EMP-00003': [{'employee_id': 'HR-EMP-00003', 'timestamp': datetime.datetime(2020, 7, 1, 10, 0), 'punch': 0, 'user_name': None, 'is_permitted_location': '', 'user_id': None}, {'employee_id': 'HR-EMP-00003', 'timestamp': datetime.datetime(2020, 7, 1, 11, 0), 'punch': 1, 'user_name': None, 'is_permitted_location': '', 'user_id': None}]}
currenct date-------------------2020-07-01 12:21:17.695347
attnadance_record-------------2020-07-01 12:21:17.803243
currenct_date---------------2020-07-01 12:21:17.803243
waiting time --------------2020-07-01 11:05:00
its comming here -------------attnadance_record----skjdfnkasjd---------2020-07-01 06:51:17.783139
frappe time-----------------2020-07-01 12:21:17.783156
attendence----------------[{'parent': None, 'modified': datetime.datetime(2020, 7, 1, 11, 56, 35, 532714), 'name': 'BA0000000014', 'user_name': None, 'creation': datetime.datetime(2020, 7, 1, 11, 56, 33, 580976), 'source': None, 'date': datetime.date(2020, 7, 1), 'parenttype': None, 'punch_status': None, 'owner': 'Administrator', 'timestamp': datetime.datetime(2020, 7, 1, 10, 0), 'docstatus': 1, 'modified_by': 'Administrator', 'naming_series': 'BA.##########', '_liked_by': None, '_user_tags': None, 'employee_id': 'HR-EMP-00003', 'idx': 0, 'amended_from': None, '_comments': None, 'parentfield': None, 'is_permitted_location': None, 'status': 1, 'uid': 0, 'punch': 0, '_assign': None, 'user_id': None}, {'parent': None, 'modified': datetime.datetime(2020, 7, 1, 11, 56, 52, 225418), 'name': 'BA0000000015', 'user_name': None, 'creation': datetime.datetime(2020, 7, 1, 11, 56, 50, 561132), 'source': None, 'date': datetime.date(2020, 7, 1), 'parenttype': None, 'punch_status': None, 'owner': 'Administrator', 'timestamp': datetime.datetime(2020, 7, 1, 11, 0), 'docstatus': 1, 'modified_by': 'Administrator', 'naming_series': 'BA.##########', '_liked_by': None, '_user_tags': None, 'employee_id': 'HR-EMP-00003', 'idx': 0, 'amended_from': None, '_comments': None, 'parentfield': None, 'is_permitted_location': None, 'status': 1, 'uid': 0, 'punch': 1, '_assign': None, 'user_id': None}]
unified_attendance------------------{'HR-EMP-00003': [{'employee_id': 'HR-EMP-00003', 'timestamp': datetime.datetime(2020, 7, 1, 10, 0), 'punch': 0, 'user_name': None, 'is_permitted_location': '', 'user_id': None}, {'employee_id': 'HR-EMP-00003', 'timestamp': datetime.datetime(2020, 7, 1, 11, 0), 'punch': 1, 'user_name': None, 'is_permitted_location': '', 'user_id': None}]}
currenct date-------------------2020-07-01 12:22:17.792845
attnadance_record-------------2020-07-01 12:22:17.898188
currenct_date---------------2020-07-01 12:22:17.898188
waiting time --------------2020-07-01 11:05:00
its comming here -------------attnadance_record----skjdfnkasjd---------2020-07-01 06:52:17.878022
frappe time-----------------2020-07-01 12:22:17.878039
attendence----------------[{'parent': None, 'modified': datetime.datetime(2020, 7, 1, 11, 56, 35, 532714), 'name': 'BA0000000014', 'user_name': None, 'creation': datetime.datetime(2020, 7, 1, 11, 56, 33, 580976), 'source': None, 'date': datetime.date(2020, 7, 1), 'parenttype': None, 'punch_status': None, 'owner': 'Administrator', 'timestamp': datetime.datetime(2020, 7, 1, 10, 0), 'docstatus': 1, 'modified_by': 'Administrator', 'naming_series': 'BA.##########', '_liked_by': None, '_user_tags': None, 'employee_id': 'HR-EMP-00003', 'idx': 0, 'amended_from': None, '_comments': None, 'parentfield': None, 'is_permitted_location': None, 'status': 1, 'uid': 0, 'punch': 0, '_assign': None, 'user_id': None}, {'parent': None, 'modified': datetime.datetime(2020, 7, 1, 11, 56, 52, 225418), 'name': 'BA0000000015', 'user_name': None, 'creation': datetime.datetime(2020, 7, 1, 11, 56, 50, 561132), 'source': None, 'date': datetime.date(2020, 7, 1), 'parenttype': None, 'punch_status': None, 'owner': 'Administrator', 'timestamp': datetime.datetime(2020, 7, 1, 11, 0), 'docstatus': 1, 'modified_by': 'Administrator', 'naming_series': 'BA.##########', '_liked_by': None, '_user_tags': None, 'employee_id': 'HR-EMP-00003', 'idx': 0, 'amended_from': None, '_comments': None, 'parentfield': None, 'is_permitted_location': None, 'status': 1, 'uid': 0, 'punch': 1, '_assign': None, 'user_id': None}]
unified_attendance------------------{'HR-EMP-00003': [{'employee_id': 'HR-EMP-00003', 'timestamp': datetime.datetime(2020, 7, 1, 10, 0), 'punch': 0, 'user_name': None, 'is_permitted_location': '', 'user_id': None}, {'employee_id': 'HR-EMP-00003', 'timestamp': datetime.datetime(2020, 7, 1, 11, 0), 'punch': 1, 'user_name': None, 'is_permitted_location': '', 'user_id': None}]}
currenct date-------------------2020-07-01 12:23:17.884597
attnadance_record-------------2020-07-01 12:23:17.983457
currenct_date---------------2020-07-01 12:23:17.983457
waiting time --------------2020-07-01 11:05:00
its comming here -------------attnadance_record----skjdfnkasjd---------2020-07-01 06:53:17.964620
frappe time-----------------2020-07-01 12:23:17.964635
attendence----------------[{'parent': None, 'modified': datetime.datetime(2020, 7, 1, 11, 56, 35, 532714), 'name': 'BA0000000014', 'user_name': None, 'creation': datetime.datetime(2020, 7, 1, 11, 56, 33, 580976), 'source': None, 'date': datetime.date(2020, 7, 1), 'parenttype': None, 'punch_status': None, 'owner': 'Administrator', 'timestamp': datetime.datetime(2020, 7, 1, 10, 0), 'docstatus': 1, 'modified_by': 'Administrator', 'naming_series': 'BA.##########', '_liked_by': None, '_user_tags': None, 'employee_id': 'HR-EMP-00003', 'idx': 0, 'amended_from': None, '_comments': None, 'parentfield': None, 'is_permitted_location': None, 'status': 1, 'uid': 0, 'punch': 0, '_assign': None, 'user_id': None}, {'parent': None, 'modified': datetime.datetime(2020, 7, 1, 11, 56, 52, 225418), 'name': 'BA0000000015', 'user_name': None, 'creation': datetime.datetime(2020, 7, 1, 11, 56, 50, 561132), 'source': None, 'date': datetime.date(2020, 7, 1), 'parenttype': None, 'punch_status': None, 'owner': 'Administrator', 'timestamp': datetime.datetime(2020, 7, 1, 11, 0), 'docstatus': 1, 'modified_by': 'Administrator', 'naming_series': 'BA.##########', '_liked_by': None, '_user_tags': None, 'employee_id': 'HR-EMP-00003', 'idx': 0, 'amended_from': None, '_comments': None, 'parentfield': None, 'is_permitted_location': None, 'status': 1, 'uid': 0, 'punch': 1, '_assign': None, 'user_id': None}]
unified_attendance------------------{'HR-EMP-00003': [{'employee_id': 'HR-EMP-00003', 'timestamp': datetime.datetime(2020, 7, 1, 10, 0), 'punch': 0, 'user_name': None, 'is_permitted_location': '', 'user_id': None}, {'employee_id': 'HR-EMP-00003', 'timestamp': datetime.datetime(2020, 7, 1, 11, 0), 'punch': 1, 'user_name': None, 'is_permitted_location': '', 'user_id': None}]}
currenct date-------------------2020-07-01 12:24:18.626612
attnadance_record-------------2020-07-01 12:24:18.723883
currenct_date---------------2020-07-01 12:24:18.723883
waiting time --------------2020-07-01 11:05:00
its comming here -------------attnadance_record----skjdfnkasjd---------2020-07-01 06:54:18.704124
frappe time-----------------2020-07-01 12:24:18.704139
attendence----------------[{'parent': None, 'modified': datetime.datetime(2020, 7, 1, 11, 56, 35, 532714), 'name': 'BA0000000014', 'user_name': None, 'creation': datetime.datetime(2020, 7, 1, 11, 56, 33, 580976), 'source': None, 'date': datetime.date(2020, 7, 1), 'parenttype': None, 'punch_status': None, 'owner': 'Administrator', 'timestamp': datetime.datetime(2020, 7, 1, 10, 0), 'docstatus': 1, 'modified_by': 'Administrator', 'naming_series': 'BA.##########', '_liked_by': None, '_user_tags': None, 'employee_id': 'HR-EMP-00003', 'idx': 0, 'amended_from': None, '_comments': None, 'parentfield': None, 'is_permitted_location': None, 'status': 1, 'uid': 0, 'punch': 0, '_assign': None, 'user_id': None}, {'parent': None, 'modified': datetime.datetime(2020, 7, 1, 11, 56, 52, 225418), 'name': 'BA0000000015', 'user_name': None, 'creation': datetime.datetime(2020, 7, 1, 11, 56, 50, 561132), 'source': None, 'date': datetime.date(2020, 7, 1), 'parenttype': None, 'punch_status': None, 'owner': 'Administrator', 'timestamp': datetime.datetime(2020, 7, 1, 11, 0), 'docstatus': 1, 'modified_by': 'Administrator', 'naming_series': 'BA.##########', '_liked_by': None, '_user_tags': None, 'employee_id': 'HR-EMP-00003', 'idx': 0, 'amended_from': None, '_comments': None, 'parentfield': None, 'is_permitted_location': None, 'status': 1, 'uid': 0, 'punch': 1, '_assign': None, 'user_id': None}]
unified_attendance------------------{'HR-EMP-00003': [{'employee_id': 'HR-EMP-00003', 'timestamp': datetime.datetime(2020, 7, 1, 10, 0), 'punch': 0, 'user_name': None, 'is_permitted_location': '', 'user_id': None}, {'employee_id': 'HR-EMP-00003', 'timestamp': datetime.datetime(2020, 7, 1, 11, 0), 'punch': 1, 'user_name': None, 'is_permitted_location': '', 'user_id': None}]}
currenct date-------------------2020-07-01 12:25:18.124942
attnadance_record-------------2020-07-01 12:25:18.223867
currenct_date---------------2020-07-01 12:25:18.223867
waiting time --------------2020-07-01 11:05:00
its comming here -------------attnadance_record----skjdfnkasjd---------2020-07-01 06:55:18.204712
frappe time-----------------2020-07-01 12:25:18.204726
attendence----------------[{'parent': None, 'modified': datetime.datetime(2020, 7, 1, 11, 56, 35, 532714), 'name': 'BA0000000014', 'user_name': None, 'creation': datetime.datetime(2020, 7, 1, 11, 56, 33, 580976), 'source': None, 'date': datetime.date(2020, 7, 1), 'parenttype': None, 'punch_status': None, 'owner': 'Administrator', 'timestamp': datetime.datetime(2020, 7, 1, 10, 0), 'docstatus': 1, 'modified_by': 'Administrator', 'naming_series': 'BA.##########', '_liked_by': None, '_user_tags': None, 'employee_id': 'HR-EMP-00003', 'idx': 0, 'amended_from': None, '_comments': None, 'parentfield': None, 'is_permitted_location': None, 'status': 1, 'uid': 0, 'punch': 0, '_assign': None, 'user_id': None}, {'parent': None, 'modified': datetime.datetime(2020, 7, 1, 11, 56, 52, 225418), 'name': 'BA0000000015', 'user_name': None, 'creation': datetime.datetime(2020, 7, 1, 11, 56, 50, 561132), 'source': None, 'date': datetime.date(2020, 7, 1), 'parenttype': None, 'punch_status': None, 'owner': 'Administrator', 'timestamp': datetime.datetime(2020, 7, 1, 11, 0), 'docstatus': 1, 'modified_by': 'Administrator', 'naming_series': 'BA.##########', '_liked_by': None, '_user_tags': None, 'employee_id': 'HR-EMP-00003', 'idx': 0, 'amended_from': None, '_comments': None, 'parentfield': None, 'is_permitted_location': None, 'status': 1, 'uid': 0, 'punch': 1, '_assign': None, 'user_id': None}]
unified_attendance------------------{'HR-EMP-00003': [{'employee_id': 'HR-EMP-00003', 'timestamp': datetime.datetime(2020, 7, 1, 10, 0), 'punch': 0, 'user_name': None, 'is_permitted_location': '', 'user_id': None}, {'employee_id': 'HR-EMP-00003', 'timestamp': datetime.datetime(2020, 7, 1, 11, 0), 'punch': 1, 'user_name': None, 'is_permitted_location': '', 'user_id': None}]}
currenct date-------------------2020-07-01 12:26:18.218466
attnadance_record-------------2020-07-01 12:26:18.318200
currenct_date---------------2020-07-01 12:26:18.318200
waiting time --------------2020-07-01 11:05:00
its comming here -------------attnadance_record----skjdfnkasjd---------2020-07-01 06:56:18.298849
frappe time-----------------2020-07-01 12:26:18.298864
attendence----------------[{'parent': None, 'modified': datetime.datetime(2020, 7, 1, 11, 56, 35, 532714), 'name': 'BA0000000014', 'user_name': None, 'creation': datetime.datetime(2020, 7, 1, 11, 56, 33, 580976), 'source': None, 'date': datetime.date(2020, 7, 1), 'parenttype': None, 'punch_status': None, 'owner': 'Administrator', 'timestamp': datetime.datetime(2020, 7, 1, 10, 0), 'docstatus': 1, 'modified_by': 'Administrator', 'naming_series': 'BA.##########', '_liked_by': None, '_user_tags': None, 'employee_id': 'HR-EMP-00003', 'idx': 0, 'amended_from': None, '_comments': None, 'parentfield': None, 'is_permitted_location': None, 'status': 1, 'uid': 0, 'punch': 0, '_assign': None, 'user_id': None}, {'parent': None, 'modified': datetime.datetime(2020, 7, 1, 11, 56, 52, 225418), 'name': 'BA0000000015', 'user_name': None, 'creation': datetime.datetime(2020, 7, 1, 11, 56, 50, 561132), 'source': None, 'date': datetime.date(2020, 7, 1), 'parenttype': None, 'punch_status': None, 'owner': 'Administrator', 'timestamp': datetime.datetime(2020, 7, 1, 11, 0), 'docstatus': 1, 'modified_by': 'Administrator', 'naming_series': 'BA.##########', '_liked_by': None, '_user_tags': None, 'employee_id': 'HR-EMP-00003', 'idx': 0, 'amended_from': None, '_comments': None, 'parentfield': None, 'is_permitted_location': None, 'status': 1, 'uid': 0, 'punch': 1, '_assign': None, 'user_id': None}]
unified_attendance------------------{'HR-EMP-00003': [{'employee_id': 'HR-EMP-00003', 'timestamp': datetime.datetime(2020, 7, 1, 10, 0), 'punch': 0, 'user_name': None, 'is_permitted_location': '', 'user_id': None}, {'employee_id': 'HR-EMP-00003', 'timestamp': datetime.datetime(2020, 7, 1, 11, 0), 'punch': 1, 'user_name': None, 'is_permitted_location': '', 'user_id': None}]}
currenct date-------------------2020-07-01 12:27:18.281338
attnadance_record-------------2020-07-01 12:27:18.382867
currenct_date---------------2020-07-01 12:27:18.382867
waiting time --------------2020-07-01 11:05:00
its comming here -------------attnadance_record----skjdfnkasjd---------2020-07-01 06:57:18.362842
frappe time-----------------2020-07-01 12:27:18.362856
attendence----------------[{'parent': None, 'modified': datetime.datetime(2020, 7, 1, 11, 56, 35, 532714), 'name': 'BA0000000014', 'user_name': None, 'creation': datetime.datetime(2020, 7, 1, 11, 56, 33, 580976), 'source': None, 'date': datetime.date(2020, 7, 1), 'parenttype': None, 'punch_status': None, 'owner': 'Administrator', 'timestamp': datetime.datetime(2020, 7, 1, 10, 0), 'docstatus': 1, 'modified_by': 'Administrator', 'naming_series': 'BA.##########', '_liked_by': None, '_user_tags': None, 'employee_id': 'HR-EMP-00003', 'idx': 0, 'amended_from': None, '_comments': None, 'parentfield': None, 'is_permitted_location': None, 'status': 1, 'uid': 0, 'punch': 0, '_assign': None, 'user_id': None}, {'parent': None, 'modified': datetime.datetime(2020, 7, 1, 11, 56, 52, 225418), 'name': 'BA0000000015', 'user_name': None, 'creation': datetime.datetime(2020, 7, 1, 11, 56, 50, 561132), 'source': None, 'date': datetime.date(2020, 7, 1), 'parenttype': None, 'punch_status': None, 'owner': 'Administrator', 'timestamp': datetime.datetime(2020, 7, 1, 11, 0), 'docstatus': 1, 'modified_by': 'Administrator', 'naming_series': 'BA.##########', '_liked_by': None, '_user_tags': None, 'employee_id': 'HR-EMP-00003', 'idx': 0, 'amended_from': None, '_comments': None, 'parentfield': None, 'is_permitted_location': None, 'status': 1, 'uid': 0, 'punch': 1, '_assign': None, 'user_id': None}]
unified_attendance------------------{'HR-EMP-00003': [{'employee_id': 'HR-EMP-00003', 'timestamp': datetime.datetime(2020, 7, 1, 10, 0), 'punch': 0, 'user_name': None, 'is_permitted_location': '', 'user_id': None}, {'employee_id': 'HR-EMP-00003', 'timestamp': datetime.datetime(2020, 7, 1, 11, 0), 'punch': 1, 'user_name': None, 'is_permitted_location': '', 'user_id': None}]}
currenct date-------------------2020-07-01 12:28:19.024015
attnadance_record-------------2020-07-01 12:28:19.122116
currenct_date---------------2020-07-01 12:28:19.122116
waiting time --------------2020-07-01 11:05:00
its comming here -------------attnadance_record----skjdfnkasjd---------2020-07-01 06:58:19.103558
frappe time-----------------2020-07-01 12:28:19.103572
attendence----------------[{'parent': None, 'modified': datetime.datetime(2020, 7, 1, 11, 56, 35, 532714), 'name': 'BA0000000014', 'user_name': None, 'creation': datetime.datetime(2020, 7, 1, 11, 56, 33, 580976), 'source': None, 'date': datetime.date(2020, 7, 1), 'parenttype': None, 'punch_status': None, 'owner': 'Administrator', 'timestamp': datetime.datetime(2020, 7, 1, 10, 0), 'docstatus': 1, 'modified_by': 'Administrator', 'naming_series': 'BA.##########', '_liked_by': None, '_user_tags': None, 'employee_id': 'HR-EMP-00003', 'idx': 0, 'amended_from': None, '_comments': None, 'parentfield': None, 'is_permitted_location': None, 'status': 1, 'uid': 0, 'punch': 0, '_assign': None, 'user_id': None}, {'parent': None, 'modified': datetime.datetime(2020, 7, 1, 11, 56, 52, 225418), 'name': 'BA0000000015', 'user_name': None, 'creation': datetime.datetime(2020, 7, 1, 11, 56, 50, 561132), 'source': None, 'date': datetime.date(2020, 7, 1), 'parenttype': None, 'punch_status': None, 'owner': 'Administrator', 'timestamp': datetime.datetime(2020, 7, 1, 11, 0), 'docstatus': 1, 'modified_by': 'Administrator', 'naming_series': 'BA.##########', '_liked_by': None, '_user_tags': None, 'employee_id': 'HR-EMP-00003', 'idx': 0, 'amended_from': None, '_comments': None, 'parentfield': None, 'is_permitted_location': None, 'status': 1, 'uid': 0, 'punch': 1, '_assign': None, 'user_id': None}]
unified_attendance------------------{'HR-EMP-00003': [{'employee_id': 'HR-EMP-00003', 'timestamp': datetime.datetime(2020, 7, 1, 10, 0), 'punch': 0, 'user_name': None, 'is_permitted_location': '', 'user_id': None}, {'employee_id': 'HR-EMP-00003', 'timestamp': datetime.datetime(2020, 7, 1, 11, 0), 'punch': 1, 'user_name': None, 'is_permitted_location': '', 'user_id': None}]}
currenct date-------------------2020-07-01 12:29:18.528607
attnadance_record-------------2020-07-01 12:29:18.628811
currenct_date---------------2020-07-01 12:29:18.628811
waiting time --------------2020-07-01 11:05:00
its comming here -------------attnadance_record----skjdfnkasjd---------2020-07-01 06:59:18.609875
frappe time-----------------2020-07-01 12:29:18.609889
attendence----------------[{'parent': None, 'modified': datetime.datetime(2020, 7, 1, 11, 56, 35, 532714), 'name': 'BA0000000014', 'user_name': None, 'creation': datetime.datetime(2020, 7, 1, 11, 56, 33, 580976), 'source': None, 'date': datetime.date(2020, 7, 1), 'parenttype': None, 'punch_status': None, 'owner': 'Administrator', 'timestamp': datetime.datetime(2020, 7, 1, 10, 0), 'docstatus': 1, 'modified_by': 'Administrator', 'naming_series': 'BA.##########', '_liked_by': None, '_user_tags': None, 'employee_id': 'HR-EMP-00003', 'idx': 0, 'amended_from': None, '_comments': None, 'parentfield': None, 'is_permitted_location': None, 'status': 1, 'uid': 0, 'punch': 0, '_assign': None, 'user_id': None}, {'parent': None, 'modified': datetime.datetime(2020, 7, 1, 11, 56, 52, 225418), 'name': 'BA0000000015', 'user_name': None, 'creation': datetime.datetime(2020, 7, 1, 11, 56, 50, 561132), 'source': None, 'date': datetime.date(2020, 7, 1), 'parenttype': None, 'punch_status': None, 'owner': 'Administrator', 'timestamp': datetime.datetime(2020, 7, 1, 11, 0), 'docstatus': 1, 'modified_by': 'Administrator', 'naming_series': 'BA.##########', '_liked_by': None, '_user_tags': None, 'employee_id': 'HR-EMP-00003', 'idx': 0, 'amended_from': None, '_comments': None, 'parentfield': None, 'is_permitted_location': None, 'status': 1, 'uid': 0, 'punch': 1, '_assign': None, 'user_id': None}]
unified_attendance------------------{'HR-EMP-00003': [{'employee_id': 'HR-EMP-00003', 'timestamp': datetime.datetime(2020, 7, 1, 10, 0), 'punch': 0, 'user_name': None, 'is_permitted_location': '', 'user_id': None}, {'employee_id': 'HR-EMP-00003', 'timestamp': datetime.datetime(2020, 7, 1, 11, 0), 'punch': 1, 'user_name': None, 'is_permitted_location': '', 'user_id': None}]}
currenct date-------------------2020-07-01 12:30:18.618158
attnadance_record-------------2020-07-01 12:30:18.721336
currenct_date---------------2020-07-01 12:30:18.721336
waiting time --------------2020-07-01 11:05:00
its comming here -------------attnadance_record----skjdfnkasjd---------2020-07-01 07:00:18.701324
frappe time-----------------2020-07-01 12:30:18.701338
attendence----------------[{'parent': None, 'modified': datetime.datetime(2020, 7, 1, 11, 56, 35, 532714), 'name': 'BA0000000014', 'user_name': None, 'creation': datetime.datetime(2020, 7, 1, 11, 56, 33, 580976), 'source': None, 'date': datetime.date(2020, 7, 1), 'parenttype': None, 'punch_status': None, 'owner': 'Administrator', 'timestamp': datetime.datetime(2020, 7, 1, 10, 0), 'docstatus': 1, 'modified_by': 'Administrator', 'naming_series': 'BA.##########', '_liked_by': None, '_user_tags': None, 'employee_id': 'HR-EMP-00003', 'idx': 0, 'amended_from': None, '_comments': None, 'parentfield': None, 'is_permitted_location': None, 'status': 1, 'uid': 0, 'punch': 0, '_assign': None, 'user_id': None}, {'parent': None, 'modified': datetime.datetime(2020, 7, 1, 11, 56, 52, 225418), 'name': 'BA0000000015', 'user_name': None, 'creation': datetime.datetime(2020, 7, 1, 11, 56, 50, 561132), 'source': None, 'date': datetime.date(2020, 7, 1), 'parenttype': None, 'punch_status': None, 'owner': 'Administrator', 'timestamp': datetime.datetime(2020, 7, 1, 11, 0), 'docstatus': 1, 'modified_by': 'Administrator', 'naming_series': 'BA.##########', '_liked_by': None, '_user_tags': None, 'employee_id': 'HR-EMP-00003', 'idx': 0, 'amended_from': None, '_comments': None, 'parentfield': None, 'is_permitted_location': None, 'status': 1, 'uid': 0, 'punch': 1, '_assign': None, 'user_id': None}]
unified_attendance------------------{'HR-EMP-00003': [{'employee_id': 'HR-EMP-00003', 'timestamp': datetime.datetime(2020, 7, 1, 10, 0), 'punch': 0, 'user_name': None, 'is_permitted_location': '', 'user_id': None}, {'employee_id': 'HR-EMP-00003', 'timestamp': datetime.datetime(2020, 7, 1, 11, 0), 'punch': 1, 'user_name': None, 'is_permitted_location': '', 'user_id': None}]}
currenct date-------------------2020-07-01 12:31:18.735039
attnadance_record-------------2020-07-01 12:31:18.837980
currenct_date---------------2020-07-01 12:31:18.837980
waiting time --------------2020-07-01 11:05:00
its comming here -------------attnadance_record----skjdfnkasjd---------2020-07-01 07:01:18.818085
frappe time-----------------2020-07-01 12:31:18.818100
attendence----------------[{'parent': None, 'modified': datetime.datetime(2020, 7, 1, 11, 56, 35, 532714), 'name': 'BA0000000014', 'user_name': None, 'creation': datetime.datetime(2020, 7, 1, 11, 56, 33, 580976), 'source': None, 'date': datetime.date(2020, 7, 1), 'parenttype': None, 'punch_status': None, 'owner': 'Administrator', 'timestamp': datetime.datetime(2020, 7, 1, 10, 0), 'docstatus': 1, 'modified_by': 'Administrator', 'naming_series': 'BA.##########', '_liked_by': None, '_user_tags': None, 'employee_id': 'HR-EMP-00003', 'idx': 0, 'amended_from': None, '_comments': None, 'parentfield': None, 'is_permitted_location': None, 'status': 1, 'uid': 0, 'punch': 0, '_assign': None, 'user_id': None}, {'parent': None, 'modified': datetime.datetime(2020, 7, 1, 11, 56, 52, 225418), 'name': 'BA0000000015', 'user_name': None, 'creation': datetime.datetime(2020, 7, 1, 11, 56, 50, 561132), 'source': None, 'date': datetime.date(2020, 7, 1), 'parenttype': None, 'punch_status': None, 'owner': 'Administrator', 'timestamp': datetime.datetime(2020, 7, 1, 11, 0), 'docstatus': 1, 'modified_by': 'Administrator', 'naming_series': 'BA.##########', '_liked_by': None, '_user_tags': None, 'employee_id': 'HR-EMP-00003', 'idx': 0, 'amended_from': None, '_comments': None, 'parentfield': None, 'is_permitted_location': None, 'status': 1, 'uid': 0, 'punch': 1, '_assign': None, 'user_id': None}]
unified_attendance------------------{'HR-EMP-00003': [{'employee_id': 'HR-EMP-00003', 'timestamp': datetime.datetime(2020, 7, 1, 10, 0), 'punch': 0, 'user_name': None, 'is_permitted_location': '', 'user_id': None}, {'employee_id': 'HR-EMP-00003', 'timestamp': datetime.datetime(2020, 7, 1, 11, 0), 'punch': 1, 'user_name': None, 'is_permitted_location': '', 'user_id': None}]}
currenct date-------------------2020-07-01 12:32:19.459881
currenct date-------------------2020-07-01 12:33:19.010394
